<?xml version="1.0" encoding="UTF-8"?>
<!-- Generated by org.testng.reporters.JUnitXMLReporter -->
<testsuite ignored="0" hostname="DESKTOP-0JIPJHH" failures="0" tests="3" name="Default test" time="0.052" errors="0" timestamp="2022-03-04T23:05:53 IST">
  <testcase classname="testNG.testNGdependOnMethod" name="highSchool" time="0.007"/>
  <testcase classname="testNG.testNGdependOnMethod" name="highSecSchool" time="0.001"/>
  <testcase classname="testNG.testNGdependOnMethod" name="engineering" time="0.001"/>
</testsuite> <!-- Default test -->
